TN:
SF:index.js
FN:9,(anonymous_0)
FN:13,(anonymous_1)
FN:17,(anonymous_2)
FN:22,readLine
FN:26,(anonymous_4)
FN:43,main
FNF:6
FNH:1
FNDA:0,(anonymous_0)
FNDA:0,(anonymous_1)
FNDA:0,(anonymous_2)
FNDA:0,readLine
FNDA:2,(anonymous_4)
FNDA:0,main
DA:3,1
DA:4,1
DA:6,1
DA:7,1
DA:9,1
DA:10,0
DA:13,1
DA:14,0
DA:17,0
DA:19,0
DA:23,0
DA:26,1
DA:27,2
DA:29,2
DA:30,1
DA:32,1
DA:33,0
DA:34,1
DA:35,0
DA:37,1
DA:40,2
DA:44,0
DA:45,0
DA:48,1
LF:24
LH:15
BRDA:29,0,0,1
BRDA:29,0,1,1
BRDA:32,1,0,0
BRDA:32,1,1,1
BRDA:32,2,0,1
BRDA:32,2,1,1
BRDA:34,3,0,0
BRDA:34,3,1,1
BRDA:34,4,0,1
BRDA:34,4,1,1
BRF:10
BRH:8
end_of_record
