<?xml version="1.0" encoding="UTF-8"?>
<coverage generated="1617451542578" clover="3.2.0">
  <project timestamp="1617451542578" name="All files">
    <metrics statements="20" coveredstatements="11" conditionals="0" coveredconditionals="0" methods="6" coveredmethods="1" elements="26" coveredelements="12" complexity="0" loc="20" ncloc="20" packages="1" files="1" classes="1"/>
    <file name="index.js" path="/Users/napatcholthaipanich/DEV/src/self/learning/30_days_of_code/Day_2_Operators/Solution_node/index.js">
      <metrics statements="20" coveredstatements="11" conditionals="0" coveredconditionals="0" methods="6" coveredmethods="1"/>
      <line num="3" count="1" type="stmt"/>
      <line num="4" count="1" type="stmt"/>
      <line num="6" count="1" type="stmt"/>
      <line num="7" count="1" type="stmt"/>
      <line num="9" count="1" type="stmt"/>
      <line num="10" count="0" type="stmt"/>
      <line num="13" count="1" type="stmt"/>
      <line num="14" count="0" type="stmt"/>
      <line num="16" count="0" type="stmt"/>
      <line num="18" count="0" type="stmt"/>
      <line num="22" count="0" type="stmt"/>
      <line num="27" count="2" type="stmt"/>
      <line num="28" count="2" type="stmt"/>
      <line num="29" count="2" type="stmt"/>
      <line num="30" count="2" type="stmt"/>
      <line num="34" count="0" type="stmt"/>
      <line num="36" count="0" type="stmt"/>
      <line num="38" count="0" type="stmt"/>
      <line num="40" count="0" type="stmt"/>
      <line num="43" count="1" type="stmt"/>
    </file>
  </project>
</coverage>
