{"/Users/napatcholthaipanich/DEV/src/self/learning/30_days_of_code/Day_2_Operators/Solution_node/index.js": {"path":"/Users/napatcholthaipanich/DEV/src/self/learning/30_days_of_code/Day_2_Operators/Solution_node/index.js","statementMap":{"0":{"start":{"line":3,"column":0},"end":{"line":3,"column":23}},"1":{"start":{"line":4,"column":0},"end":{"line":4,"column":35}},"2":{"start":{"line":6,"column":18},"end":{"line":6,"column":20}},"3":{"start":{"line":7,"column":18},"end":{"line":7,"column":19}},"4":{"start":{"line":9,"column":0},"end":{"line":11,"column":3}},"5":{"start":{"line":10,"column":4},"end":{"line":10,"column":30}},"6":{"start":{"line":13,"column":0},"end":{"line":19,"column":3}},"7":{"start":{"line":14,"column":4},"end":{"line":16,"column":45}},"8":{"start":{"line":16,"column":20},"end":{"line":16,"column":43}},"9":{"start":{"line":18,"column":4},"end":{"line":18,"column":11}},"10":{"start":{"line":22,"column":4},"end":{"line":22,"column":38}},"11":{"start":{"line":27,"column":14},"end":{"line":27,"column":43}},"12":{"start":{"line":28,"column":14},"end":{"line":28,"column":43}},"13":{"start":{"line":29,"column":20},"end":{"line":29,"column":53}},"14":{"start":{"line":30,"column":2},"end":{"line":30,"column":19}},"15":{"start":{"line":34,"column":22},"end":{"line":34,"column":44}},"16":{"start":{"line":36,"column":24},"end":{"line":36,"column":48}},"17":{"start":{"line":38,"column":24},"end":{"line":38,"column":48}},"18":{"start":{"line":40,"column":4},"end":{"line":40,"column":47}},"19":{"start":{"line":43,"column":0},"end":{"line":45,"column":1}}},"fnMap":{"0":{"name":"(anonymous_0)","decl":{"start":{"line":9,"column":25},"end":{"line":9,"column":26}},"loc":{"start":{"line":9,"column":39},"end":{"line":11,"column":1}},"line":9},"1":{"name":"(anonymous_1)","decl":{"start":{"line":13,"column":24},"end":{"line":13,"column":25}},"loc":{"start":{"line":13,"column":29},"end":{"line":19,"column":1}},"line":13},"2":{"name":"(anonymous_2)","decl":{"start":{"line":16,"column":13},"end":{"line":16,"column":14}},"loc":{"start":{"line":16,"column":20},"end":{"line":16,"column":43}},"line":16},"3":{"name":"readLine","decl":{"start":{"line":21,"column":9},"end":{"line":21,"column":17}},"loc":{"start":{"line":21,"column":20},"end":{"line":23,"column":1}},"line":21},"4":{"name":"solve","decl":{"start":{"line":26,"column":9},"end":{"line":26,"column":14}},"loc":{"start":{"line":26,"column":52},"end":{"line":31,"column":1}},"line":26},"5":{"name":"main","decl":{"start":{"line":33,"column":9},"end":{"line":33,"column":13}},"loc":{"start":{"line":33,"column":16},"end":{"line":41,"column":1}},"line":33}},"branchMap":{},"s":{"0":1,"1":1,"2":1,"3":1,"4":1,"5":0,"6":1,"7":0,"8":0,"9":0,"10":0,"11":2,"12":2,"13":2,"14":2,"15":0,"16":0,"17":0,"18":0,"19":1},"f":{"0":0,"1":0,"2":0,"3":0,"4":2,"5":0},"b":{},"_coverageSchema":"1a1c01bbd47fc00a2c39e90264f33305004495a9","hash":"72d44f45b13379cbce57abcdc93afa944b4040cd"}
}
