TN:
SF:index.js
FN:8,(anonymous_0)
FN:12,(anonymous_1)
FN:17,readLine
FN:21,Person
FN:28,(anonymous_4)
FN:42,(anonymous_5)
FN:46,(anonymous_6)
FN:52,main
FNF:8
FNH:3
FNDA:0,(anonymous_0)
FNDA:0,(anonymous_1)
FNDA:0,readLine
FNDA:4,Person
FNDA:8,(anonymous_4)
FNDA:0,(anonymous_5)
FNDA:12,(anonymous_6)
FNDA:0,main
DA:1,1
DA:2,1
DA:4,1
DA:5,1
DA:6,1
DA:8,1
DA:9,0
DA:12,1
DA:13,0
DA:14,0
DA:18,0
DA:22,4
DA:23,4
DA:24,1
DA:25,1
DA:28,4
DA:30,8
DA:31,8
DA:32,0
DA:33,8
DA:34,3
DA:35,5
DA:36,2
DA:38,3
DA:40,8
DA:42,4
DA:44,0
DA:46,4
DA:48,12
DA:53,0
DA:54,0
DA:55,0
DA:56,0
DA:57,0
DA:58,0
DA:59,0
DA:61,0
DA:62,0
DA:66,1
LF:39
LH:24
BRDA:23,0,0,1
BRDA:23,0,1,3
BRDA:31,1,0,0
BRDA:31,1,1,8
BRDA:33,2,0,3
BRDA:33,2,1,5
BRDA:35,3,0,2
BRDA:35,3,1,3
BRDA:35,4,0,5
BRDA:35,4,1,5
BRF:10
BRH:9
end_of_record
